<?xml version="1.0" encoding="utf-8"?><testsuites><testsuite errors="0" failures="0" hostname="DESKTOP-IDUFA2K" name="pytest" skipped="0" tests="5" time="384.574" timestamp="2020-01-02T10:18:20.322783"><testcase classname="test_dir.test_checkcontract.Test_checkcontract" file="test_dir\test_checkcontract.py" line="15" name="test_checkcontract" time="59.172"></testcase><testcase classname="test_dir.test_checkdata.Test_checkData" file="test_dir\test_checkdata.py" line="7" name="test_checkupload" time="42.250"></testcase><testcase classname="test_dir.test_private_createword.Test_createword" file="test_dir\test_private_createword.py" line="45" name="test_word" time="75.936"></testcase><testcase classname="test_dir.test_rename.Test_Rename" file="test_dir\test_rename.py" line="44" name="test_private" time="24.442"></testcase><testcase classname="test_dir.test_rubbish.Testrubbish" file="test_dir\test_rubbish.py" line="44" name="test_folder" time="181.978"></testcase></testsuite></testsuites>